# JRE version: OpenJDK Runtime Environment (11.0.13) (build 11.0.13+0-b1751.21-8125866)
# Java VM: OpenJDK 64-Bit Server VM (11.0.13+0-b1751.21-8125866, mixed mode, tiered, compressed oops, g1 gc, bsd-amd64)
Heap:
 garbage-first heap   total 262144K, used 108695K [0x0000000780000000, 0x0000000800000000)
  region size 1024K, 7 young (7168K), 2 survivors (2048K)
 Metaspace       used 58346K, capacity 60088K, committed 60148K, reserved 1101824K
  class space    used 7416K, capacity 8037K, committed 8064K, reserved 1048576K
GC Heap History (18 events):
Event: 1.708 GC heap before
{Heap before GC invocations=0 (full 0):
 garbage-first heap   total 262144K, used 16384K [0x0000000780000000, 0x0000000800000000)
  region size 1024K, 14 young (14336K), 0 survivors (0K)
 Metaspace       used 6639K, capacity 6841K, committed 7040K, reserved 1056768K
  class space    used 562K, capacity 618K, committed 640K, reserved 1048576K
}
Event: 1.712 GC heap after
{Heap after GC invocations=1 (full 0):
 garbage-first heap   total 262144K, used 4275K [0x0000000780000000, 0x0000000800000000)
  region size 1024K, 2 young (2048K), 2 survivors (2048K)
 Metaspace       used 6639K, capacity 6841K, committed 7040K, reserved 1056768K
  class space    used 562K, capacity 618K, committed 640K, reserved 1048576K
}
Event: 5.653 GC heap before
{Heap before GC invocations=1 (full 0):
 garbage-first heap   total 262144K, used 112819K [0x0000000780000000, 0x0000000800000000)
  region size 1024K, 106 young (108544K), 2 survivors (2048K)
 Metaspace       used 20818K, capacity 21185K, committed 21296K, reserved 1069056K
  class space    used 2528K, capacity 2688K, committed 2688K, reserved 1048576K
}
Event: 5.668 GC heap after
{Heap after GC invocations=2 (full 0):
 garbage-first heap   total 262144K, used 16759K [0x0000000780000000, 0x0000000800000000)
  region size 1024K, 12 young (12288K), 12 survivors (12288K)
 Metaspace       used 20818K, capacity 21185K, committed 21296K, reserved 1069056K
  class space    used 2528K, capacity 2688K, committed 2688K, reserved 1048576K
}
Event: 5.879 GC heap before
{Heap before GC invocations=3 (full 0):
 garbage-first heap   total 262144K, used 29047K [0x0000000780000000, 0x0000000800000000)
  region size 1024K, 24 young (24576K), 12 survivors (12288K)
 Metaspace       used 22172K, capacity 22693K, committed 22832K, reserved 1069056K
  class space    used 2768K, capacity 2943K, committed 2944K, reserved 1048576K
}
Event: 5.891 GC heap after
{Heap after GC invocations=4 (full 0):
 garbage-first heap   total 262144K, used 18126K [0x0000000780000000, 0x0000000800000000)
  region size 1024K, 1 young (1024K), 1 survivors (1024K)
 Metaspace       used 22172K, capacity 22693K, committed 22832K, reserved 1069056K
  class space    used 2768K, capacity 2943K, committed 2944K, reserved 1048576K
}
Event: 7.453 GC heap before
{Heap before GC invocations=4 (full 0):
 garbage-first heap   total 262144K, used 133838K [0x0000000780000000, 0x0000000800000000)
  region size 1024K, 97 young (99328K), 1 survivors (1024K)
 Metaspace       used 30653K, capacity 31471K, committed 31792K, reserved 1077248K
  class space    used 4058K, capacity 4357K, committed 4480K, reserved 1048576K
}
Event: 7.461 GC heap after
{Heap after GC invocations=5 (full 0):
 garbage-first heap   total 262144K, used 44318K [0x0000000780000000, 0x0000000800000000)
  region size 1024K, 9 young (9216K), 9 survivors (9216K)
 Metaspace       used 30653K, capacity 31471K, committed 31792K, reserved 1077248K
  class space    used 4058K, capacity 4357K, committed 4480K, reserved 1048576K
}
Event: 8.063 GC heap before
{Heap before GC invocations=5 (full 0):
 garbage-first heap   total 262144K, used 69918K [0x0000000780000000, 0x0000000800000000)
  region size 1024K, 35 young (35840K), 9 survivors (9216K)
 Metaspace       used 34630K, capacity 35536K, committed 35632K, reserved 1079296K
  class space    used 4563K, capacity 4922K, committed 4992K, reserved 1048576K
}
Event: 8.081 GC heap after
{Heap after GC invocations=6 (full 0):
 garbage-first heap   total 262144K, used 45814K [0x0000000780000000, 0x0000000800000000)
  region size 1024K, 2 young (2048K), 2 survivors (2048K)
 Metaspace       used 34630K, capacity 35536K, committed 35632K, reserved 1079296K
  class space    used 4563K, capacity 4922K, committed 4992K, reserved 1048576K
}
Event: 10.462 GC heap before
{Heap before GC invocations=7 (full 0):
 garbage-first heap   total 262144K, used 170742K [0x0000000780000000, 0x0000000800000000)
  region size 1024K, 109 young (111616K), 2 survivors (2048K)
 Metaspace       used 45176K, capacity 46397K, committed 46512K, reserved 1089536K
  class space    used 5646K, capacity 6120K, committed 6144K, reserved 1048576K
}
Event: 10.477 GC heap after
{Heap after GC invocations=8 (full 0):
 garbage-first heap   total 262144K, used 68203K [0x0000000780000000, 0x0000000800000000)
  region size 1024K, 12 young (12288K), 12 survivors (12288K)
 Metaspace       used 45176K, capacity 46397K, committed 46512K, reserved 1089536K
  class space    used 5646K, capacity 6120K, committed 6144K, reserved 1048576K
}
Event: 12.460 GC heap before
{Heap before GC invocations=8 (full 0):
 garbage-first heap   total 262144K, used 182891K [0x0000000780000000, 0x0000000800000000)
  region size 1024K, 119 young (121856K), 12 survivors (12288K)
 Metaspace       used 50814K, capacity 52360K, committed 52528K, reserved 1095680K
  class space    used 6470K, capacity 7013K, committed 7040K, reserved 1048576K
}
Event: 12.497 GC heap after
{Heap after GC invocations=9 (full 0):
 garbage-first heap   total 262144K, used 80968K [0x0000000780000000, 0x0000000800000000)
  region size 1024K, 9 young (9216K), 9 survivors (9216K)
 Metaspace       used 50814K, capacity 52360K, committed 52528K, reserved 1095680K
  class space    used 6470K, capacity 7013K, committed 7040K, reserved 1048576K
}
Event: 26.873 GC heap before
{Heap before GC invocations=9 (full 0):
 garbage-first heap   total 262144K, used 196680K [0x0000000780000000, 0x0000000800000000)
  region size 1024K, 114 young (116736K), 9 survivors (9216K)
 Metaspace       used 57608K, capacity 59292K, committed 59312K, reserved 1101824K
  class space    used 7314K, capacity 7923K, committed 7936K, reserved 1048576K
}
Event: 26.920 GC heap after
{Heap after GC invocations=10 (full 0):
 garbage-first heap   total 262144K, used 102429K [0x0000000780000000, 0x0000000800000000)
  region size 1024K, 14 young (14336K), 14 survivors (14336K)
 Metaspace       used 57608K, capacity 59292K, committed 59312K, reserved 1101824K
  class space    used 7314K, capacity 7923K, committed 7936K, reserved 1048576K
}
Event: 27.117 GC heap before
{Heap before GC invocations=10 (full 0):
 garbage-first heap   total 262144K, used 105501K [0x0000000780000000, 0x0000000800000000)
  region size 1024K, 18 young (18432K), 14 survivors (14336K)
 Metaspace       used 57855K, capacity 59576K, committed 59696K, reserved 1101824K
  class space    used 7342K, capacity 7973K, committed 8064K, reserved 1048576K
}
Event: 27.161 GC heap after
{Heap after GC invocations=11 (full 0):
 garbage-first heap   total 262144K, used 104599K [0x0000000780000000, 0x0000000800000000)
  region size 1024K, 2 young (2048K), 2 survivors (2048K)
 Metaspace       used 57855K, capacity 59576K, committed 59696K, reserved 1101824K
  class space    used 7342K, capacity 7973K, committed 8064K, reserved 1048576K
}

