# JRE version: OpenJDK Runtime Environment (11.0.13) (build 11.0.13+0-b1751.21-8125866)
# Java VM: OpenJDK 64-Bit Server VM (11.0.13+0-b1751.21-8125866, mixed mode, tiered, compressed oops, g1 gc, bsd-amd64)
Heap:
 garbage-first heap   total 262144K, used 217605K [0x0000000780000000, 0x0000000800000000)
  region size 1024K, 15 young (15360K), 4 survivors (4096K)
 Metaspace       used 132326K, capacity 136351K, committed 136572K, reserved 1167360K
  class space    used 16489K, capacity 17915K, committed 17920K, reserved 1048576K
GC Heap History (20 events):
Event: 333.093 GC heap before
{Heap before GC invocations=59 (full 0):
 garbage-first heap   total 262144K, used 202077K [0x0000000780000000, 0x0000000800000000)
  region size 1024K, 12 young (12288K), 4 survivors (4096K)
 Metaspace       used 126014K, capacity 129795K, committed 130044K, reserved 1163264K
  class space    used 15833K, capacity 17160K, committed 17280K, reserved 1048576K
}
Event: 333.118 GC heap after
{Heap after GC invocations=60 (full 0):
 garbage-first heap   total 262144K, used 184205K [0x0000000780000000, 0x0000000800000000)
  region size 1024K, 2 young (2048K), 2 survivors (2048K)
 Metaspace       used 126014K, capacity 129795K, committed 130044K, reserved 1163264K
  class space    used 15833K, capacity 17160K, committed 17280K, reserved 1048576K
}
Event: 564.076 GC heap before
{Heap before GC invocations=60 (full 0):
 garbage-first heap   total 262144K, used 221069K [0x0000000780000000, 0x0000000800000000)
  region size 1024K, 39 young (39936K), 2 survivors (2048K)
 Metaspace       used 126184K, capacity 129951K, committed 130300K, reserved 1163264K
  class space    used 15847K, capacity 17180K, committed 17280K, reserved 1048576K
}
Event: 564.087 GC heap after
{Heap after GC invocations=61 (full 0):
 garbage-first heap   total 262144K, used 185875K [0x0000000780000000, 0x0000000800000000)
  region size 1024K, 3 young (3072K), 3 survivors (3072K)
 Metaspace       used 126184K, capacity 129951K, committed 130300K, reserved 1163264K
  class space    used 15847K, capacity 17180K, committed 17280K, reserved 1048576K
}
Event: 565.362 GC heap before
{Heap before GC invocations=61 (full 0):
 garbage-first heap   total 262144K, used 222739K [0x0000000780000000, 0x0000000800000000)
  region size 1024K, 40 young (40960K), 3 survivors (3072K)
 Metaspace       used 126787K, capacity 130663K, committed 130940K, reserved 1163264K
  class space    used 15914K, capacity 17283K, committed 17408K, reserved 1048576K
}
Event: 565.379 GC heap after
{Heap after GC invocations=62 (full 0):
 garbage-first heap   total 262144K, used 189729K [0x0000000780000000, 0x0000000800000000)
  region size 1024K, 5 young (5120K), 5 survivors (5120K)
 Metaspace       used 126787K, capacity 130663K, committed 130940K, reserved 1163264K
  class space    used 15914K, capacity 17283K, committed 17408K, reserved 1048576K
}
Event: 566.655 GC heap before
{Heap before GC invocations=63 (full 0):
 garbage-first heap   total 262144K, used 223521K [0x0000000780000000, 0x0000000800000000)
  region size 1024K, 39 young (39936K), 5 survivors (5120K)
 Metaspace       used 129922K, capacity 133825K, committed 134012K, reserved 1165312K
  class space    used 16234K, capacity 17622K, committed 17664K, reserved 1048576K
}
Event: 566.704 GC heap after
{Heap after GC invocations=64 (full 0):
 garbage-first heap   total 262144K, used 193471K [0x0000000780000000, 0x0000000800000000)
  region size 1024K, 4 young (4096K), 4 survivors (4096K)
 Metaspace       used 129922K, capacity 133825K, committed 134012K, reserved 1165312K
  class space    used 16234K, capacity 17622K, committed 17664K, reserved 1048576K
}
Event: 566.896 GC heap before
{Heap before GC invocations=64 (full 0):
 garbage-first heap   total 262144K, used 201663K [0x0000000780000000, 0x0000000800000000)
  region size 1024K, 12 young (12288K), 4 survivors (4096K)
 Metaspace       used 130195K, capacity 134122K, committed 134396K, reserved 1165312K
  class space    used 16284K, capacity 17672K, committed 17792K, reserved 1048576K
}
Event: 566.927 GC heap after
{Heap after GC invocations=65 (full 0):
 garbage-first heap   total 262144K, used 193895K [0x0000000780000000, 0x0000000800000000)
  region size 1024K, 2 young (2048K), 2 survivors (2048K)
 Metaspace       used 130195K, capacity 134122K, committed 134396K, reserved 1165312K
  class space    used 16284K, capacity 17672K, committed 17792K, reserved 1048576K
}
Event: 568.086 GC heap before
{Heap before GC invocations=65 (full 0):
 garbage-first heap   total 262144K, used 223591K [0x0000000780000000, 0x0000000800000000)
  region size 1024K, 32 young (32768K), 2 survivors (2048K)
 Metaspace       used 130495K, capacity 134392K, committed 134652K, reserved 1167360K
  class space    used 16325K, capacity 17693K, committed 17792K, reserved 1048576K
}
Event: 568.098 GC heap after
{Heap after GC invocations=66 (full 0):
 garbage-first heap   total 262144K, used 194805K [0x0000000780000000, 0x0000000800000000)
  region size 1024K, 3 young (3072K), 3 survivors (3072K)
 Metaspace       used 130495K, capacity 134392K, committed 134652K, reserved 1167360K
  class space    used 16325K, capacity 17693K, committed 17792K, reserved 1048576K
}
Event: 569.539 GC heap before
{Heap before GC invocations=67 (full 0):
 garbage-first heap   total 262144K, used 224501K [0x0000000780000000, 0x0000000800000000)
  region size 1024K, 33 young (33792K), 3 survivors (3072K)
 Metaspace       used 131594K, capacity 135495K, committed 135804K, reserved 1167360K
  class space    used 16439K, capacity 17799K, committed 17920K, reserved 1048576K
}
Event: 569.571 GC heap after
{Heap after GC invocations=68 (full 0):
 garbage-first heap   total 262144K, used 196497K [0x0000000780000000, 0x0000000800000000)
  region size 1024K, 4 young (4096K), 4 survivors (4096K)
 Metaspace       used 131594K, capacity 135495K, committed 135804K, reserved 1167360K
  class space    used 16439K, capacity 17799K, committed 17920K, reserved 1048576K
}
Event: 569.793 GC heap before
{Heap before GC invocations=68 (full 0):
 garbage-first heap   total 262144K, used 204689K [0x0000000780000000, 0x0000000800000000)
  region size 1024K, 12 young (12288K), 4 survivors (4096K)
 Metaspace       used 131653K, capacity 135559K, committed 135804K, reserved 1167360K
  class space    used 16439K, capacity 17799K, committed 17920K, reserved 1048576K
}
Event: 569.831 GC heap after
{Heap after GC invocations=69 (full 0):
 garbage-first heap   total 262144K, used 186177K [0x0000000780000000, 0x0000000800000000)
  region size 1024K, 1 young (1024K), 1 survivors (1024K)
 Metaspace       used 131653K, capacity 135559K, committed 135804K, reserved 1167360K
  class space    used 16439K, capacity 17799K, committed 17920K, reserved 1048576K
}
Event: 570.590 GC heap before
{Heap before GC invocations=69 (full 0):
 garbage-first heap   total 262144K, used 215873K [0x0000000780000000, 0x0000000800000000)
  region size 1024K, 32 young (32768K), 1 survivors (1024K)
 Metaspace       used 131786K, capacity 135687K, committed 136060K, reserved 1167360K
  class space    used 16439K, capacity 17799K, committed 17920K, reserved 1048576K
}
Event: 570.610 GC heap after
{Heap after GC invocations=70 (full 0):
 garbage-first heap   total 262144K, used 195584K [0x0000000780000000, 0x0000000800000000)
  region size 1024K, 5 young (5120K), 5 survivors (5120K)
 Metaspace       used 131786K, capacity 135687K, committed 136060K, reserved 1167360K
  class space    used 16439K, capacity 17799K, committed 17920K, reserved 1048576K
}
Event: 571.447 GC heap before
{Heap before GC invocations=70 (full 0):
 garbage-first heap   total 262144K, used 225280K [0x0000000780000000, 0x0000000800000000)
  region size 1024K, 32 young (32768K), 5 survivors (5120K)
 Metaspace       used 131961K, capacity 135879K, committed 136060K, reserved 1167360K
  class space    used 16453K, capacity 17863K, committed 17920K, reserved 1048576K
}
Event: 571.482 GC heap after
{Heap after GC invocations=71 (full 0):
 garbage-first heap   total 262144K, used 207365K [0x0000000780000000, 0x0000000800000000)
  region size 1024K, 4 young (4096K), 4 survivors (4096K)
 Metaspace       used 131961K, capacity 135879K, committed 136060K, reserved 1167360K
  class space    used 16453K, capacity 17863K, committed 17920K, reserved 1048576K
}

